0 info it worked if it ends with ok
1 verbose cli [ '/Users/narekzakaran/.nvm/versions/node/v11.1.0/bin/node',
1 verbose cli   '/Users/narekzakaran/.nvm/versions/node/v11.1.0/lib/node_modules/npm/bin/npm-cli.js',
1 verbose cli   'start' ]
2 info using npm@6.11.2
3 info using node@v11.1.0
4 verbose run-script [ 'prestart', 'start', 'poststart' ]
5 info lifecycle app@0.0.0~prestart: app@0.0.0
6 info lifecycle app@0.0.0~start: app@0.0.0
7 verbose lifecycle app@0.0.0~start: unsafe-perm in lifecycle true
8 verbose lifecycle app@0.0.0~start: PATH: /Users/narekzakaran/.nvm/versions/node/v11.1.0/lib/node_modules/npm/node_modules/npm-lifecycle/node-gyp-bin:/Users/narekzakaran/Desktop/angular_project/node_modules/.bin:/Users/narekzakaran/.nvm/versions/node/v11.1.0/bin:/usr/local/bin:/usr/bin:/bin:/usr/sbin:/sbin:/Library/Apple/usr/bin:/Library/Apple/bin:/usr/local/share/dotnet:/opt/X11/bin:~/.dotnet/tools:/Library/Frameworks/Mono.framework/Versions/Current/Commands:/Applications/Xamarin Workbooks.app/Contents/SharedSupport/path-bin
9 verbose lifecycle app@0.0.0~start: CWD: /Users/narekzakaran/Desktop/angular_project
10 silly lifecycle app@0.0.0~start: Args: [ '-c', 'ng serve' ]
11 silly lifecycle app@0.0.0~start: Returned: code: 1  signal: null
12 info lifecycle app@0.0.0~start: Failed to exec start script
13 verbose stack Error: app@0.0.0 start: `ng serve`
13 verbose stack Exit status 1
13 verbose stack     at EventEmitter.<anonymous> (/Users/narekzakaran/.nvm/versions/node/v11.1.0/lib/node_modules/npm/node_modules/npm-lifecycle/index.js:332:16)
13 verbose stack     at EventEmitter.emit (events.js:182:13)
13 verbose stack     at ChildProcess.<anonymous> (/Users/narekzakaran/.nvm/versions/node/v11.1.0/lib/node_modules/npm/node_modules/npm-lifecycle/lib/spawn.js:55:14)
13 verbose stack     at ChildProcess.emit (events.js:182:13)
13 verbose stack     at maybeClose (internal/child_process.js:970:16)
13 verbose stack     at Process.ChildProcess._handle.onexit (internal/child_process.js:257:5)
14 verbose pkgid app@0.0.0
15 verbose cwd /Users/narekzakaran/Desktop/angular_project
16 verbose Darwin 19.0.0
17 verbose argv "/Users/narekzakaran/.nvm/versions/node/v11.1.0/bin/node" "/Users/narekzakaran/.nvm/versions/node/v11.1.0/lib/node_modules/npm/bin/npm-cli.js" "start"
18 verbose node v11.1.0
19 verbose npm  v6.11.2
20 error code ELIFECYCLE
21 error errno 1
22 error app@0.0.0 start: `ng serve`
22 error Exit status 1
23 error Failed at the app@0.0.0 start script.
23 error This is probably not a problem with npm. There is likely additional logging output above.
24 verbose exit [ 1, true ]
